開始:2020年  6月 13日 土曜日 14:20:40 GMT
argument_Check
aaaa
終了:2020年  6月 13日 土曜日 14:20:40 GMT
開始:2020年  6月 13日 土曜日 14:21:08 GMT
argument_Check
開始:2020年  6月 13日 土曜日 14:57:38 GMT
argument_Check
開始:Sat Jun 13 15:04:01 GMT 2020
argument_Check
開始:2020年  6月 13日 土曜日 15:04:06 GMT
argument_Check
開始:2020年  6月 13日 土曜日 15:04:13 GMT
argument_Check
開始:Sat Jun 13 15:05:02 GMT 2020
argument_Check
開始:Sat Jun 13 15:06:01 GMT 2020
argument_Check
開始:Sat Jun 13 15:07:01 GMT 2020
argument_Check
開始:Sat Jun 13 15:08:01 GMT 2020
argument_Check
開始:Sat Jun 13 15:09:01 GMT 2020
argument_Check
開始:Sat Jun 13 15:10:01 GMT 2020
argument_Check
開始:Sat Jun 13 15:11:01 GMT 2020
argument_Check
開始:Sat Jun 13 15:12:01 GMT 2020
argument_Check
開始:Sat Jun 13 15:13:01 GMT 2020
argument_Check
開始:Sat Jun 13 15:14:01 GMT 2020
argument_Check
開始:Sat Jun 13 15:20:02 GMT 2020
argument_Check
開始:Sat Jun 13 15:21:01 GMT 2020
argument_Check
開始:Sat Jun 13 15:22:01 GMT 2020
argument_Check
開始:Sat Jun 13 16:00:01 GMT 2020
argument_Check
開始:Sat Jun 13 16:01:01 GMT 2020
argument_Check
開始:Sat Jun 13 16:02:01 GMT 2020
argument_Check
開始:Sat Jun 13 16:03:01 GMT 2020
argument_Check
開始:Sat Jun 13 16:04:02 GMT 2020
argument_Check
開始:Sat Jun 13 16:05:01 GMT 2020
argument_Check
開始:Sat Jun 13 16:06:01 GMT 2020
argument_Check
開始:Sat Jun 13 16:07:01 GMT 2020
argument_Check
開始:Sat Jun 13 16:08:01 GMT 2020
argument_Check
開始:Sat Jun 13 16:09:01 GMT 2020
argument_Check
開始:Sat Jun 13 16:10:01 GMT 2020
argument_Check
開始:Sat Jun 13 16:11:01 GMT 2020
argument_Check
開始:Sat Jun 13 16:12:01 GMT 2020
argument_Check
開始:Sat Jun 13 16:13:02 GMT 2020
argument_Check
開始:Sat Jun 13 16:14:01 GMT 2020
argument_Check
開始:Sat Jun 13 16:15:01 GMT 2020
argument_Check
開始:Sat Jun 13 16:16:01 GMT 2020
argument_Check
開始:Sat Jun 13 16:17:01 GMT 2020
argument_Check
開始:Sat Jun 13 16:18:01 GMT 2020
argument_Check
開始:Sat Jun 13 16:19:01 GMT 2020
argument_Check
開始:Sat Jun 13 16:20:01 GMT 2020
argument_Check
開始:Sat Jun 13 16:21:01 GMT 2020
argument_Check
開始:Sat Jun 13 16:22:01 GMT 2020
argument_Check
開始:Sat Jun 13 16:23:01 GMT 2020
argument_Check
開始:Sat Jun 13 16:24:02 GMT 2020
argument_Check
開始:Sat Jun 13 16:25:01 GMT 2020
argument_Check
開始:Sat Jun 13 16:26:01 GMT 2020
argument_Check
開始:Sat Jun 13 16:27:01 GMT 2020
argument_Check
開始:Sat Jun 13 16:28:01 GMT 2020
argument_Check
開始:Sat Jun 13 16:29:01 GMT 2020
argument_Check
開始:Sat Jun 13 16:30:01 GMT 2020
argument_Check
開始:Sat Jun 13 16:31:01 GMT 2020
argument_Check
開始:Sat Jun 13 16:32:01 GMT 2020
argument_Check
開始:Sat Jun 13 16:33:01 GMT 2020
argument_Check
開始:Sat Jun 13 16:34:01 GMT 2020
argument_Check
開始:Sat Jun 13 16:35:01 GMT 2020
argument_Check
開始:Sat Jun 13 16:36:01 GMT 2020
argument_Check
開始:Sat Jun 13 16:37:02 GMT 2020
argument_Check
開始:Sat Jun 13 16:38:01 GMT 2020
argument_Check
開始:Sat Jun 13 16:39:01 GMT 2020
argument_Check
開始:Sat Jun 13 16:40:01 GMT 2020
argument_Check
開始:Sat Jun 13 16:41:01 GMT 2020
argument_Check
開始:Sat Jun 13 16:42:01 GMT 2020
argument_Check
開始:Sat Jun 13 16:43:01 GMT 2020
argument_Check
開始:Sat Jun 13 16:44:01 GMT 2020
argument_Check
開始:Sat Jun 13 16:45:01 GMT 2020
argument_Check
開始:Sat Jun 13 16:46:01 GMT 2020
argument_Check
開始:Sat Jun 13 16:47:02 GMT 2020
argument_Check
開始:Sat Jun 13 16:48:01 GMT 2020
argument_Check
開始:Sat Jun 13 16:49:01 GMT 2020
argument_Check
開始:Sat Jun 13 16:50:01 GMT 2020
argument_Check
開始:Sat Jun 13 16:51:01 GMT 2020
argument_Check
開始:Sat Jun 13 16:52:01 GMT 2020
argument_Check
開始:Sat Jun 13 16:53:01 GMT 2020
argument_Check
開始:Sat Jun 13 16:54:01 GMT 2020
argument_Check
開始:Sat Jun 13 16:55:01 GMT 2020
argument_Check
開始:Sat Jun 13 16:56:01 GMT 2020
argument_Check
開始:Sat Jun 13 16:57:02 GMT 2020
argument_Check
開始:Sat Jun 13 16:58:02 GMT 2020
argument_Check
開始:Sat Jun 13 16:59:01 GMT 2020
argument_Check
開始:Sat Jun 13 18:00:01 GMT 2020
argument_Check
開始:Sat Jun 13 18:01:01 GMT 2020
argument_Check
開始:Sat Jun 13 18:02:01 GMT 2020
argument_Check
開始:Sat Jun 13 18:03:01 GMT 2020
argument_Check
開始:Sat Jun 13 18:04:01 GMT 2020
argument_Check
開始:Sat Jun 13 18:05:02 GMT 2020
argument_Check
開始:Sat Jun 13 18:06:01 GMT 2020
argument_Check
開始:Sat Jun 13 18:07:01 GMT 2020
argument_Check
開始:Sat Jun 13 18:08:01 GMT 2020
argument_Check
開始:Sat Jun 13 18:09:01 GMT 2020
argument_Check
開始:Sat Jun 13 18:10:01 GMT 2020
argument_Check
開始:Sat Jun 13 18:11:01 GMT 2020
argument_Check
開始:Sat Jun 13 18:12:01 GMT 2020
argument_Check
開始:Sat Jun 13 18:13:01 GMT 2020
argument_Check
開始:Sat Jun 13 18:14:01 GMT 2020
argument_Check
開始:Sat Jun 13 18:15:02 GMT 2020
argument_Check
開始:Sat Jun 13 18:16:01 GMT 2020
argument_Check
開始:Sat Jun 13 18:17:01 GMT 2020
argument_Check
開始:Sat Jun 13 18:18:01 GMT 2020
argument_Check
開始:Sat Jun 13 18:19:01 GMT 2020
argument_Check
開始:Sat Jun 13 18:20:01 GMT 2020
argument_Check
開始:Sat Jun 13 18:21:01 GMT 2020
argument_Check
開始:Sat Jun 13 18:22:01 GMT 2020
argument_Check
開始:Sat Jun 13 18:23:01 GMT 2020
argument_Check
開始:Sat Jun 13 18:24:01 GMT 2020
argument_Check
開始:Sat Jun 13 18:25:02 GMT 2020
argument_Check
開始:Sat Jun 13 18:26:01 GMT 2020
argument_Check
開始:Sat Jun 13 18:27:01 GMT 2020
argument_Check
開始:Sat Jun 13 18:28:01 GMT 2020
argument_Check
開始:Sat Jun 13 18:29:01 GMT 2020
argument_Check
開始:Sat Jun 13 18:30:01 GMT 2020
argument_Check
開始:Sat Jun 13 18:31:01 GMT 2020
argument_Check
開始:Sat Jun 13 18:32:01 GMT 2020
argument_Check
開始:Sat Jun 13 18:33:01 GMT 2020
argument_Check
開始:Sat Jun 13 18:34:01 GMT 2020
argument_Check
開始:Sat Jun 13 18:35:02 GMT 2020
argument_Check
開始:Sat Jun 13 18:36:01 GMT 2020
argument_Check
開始:Sat Jun 13 18:37:01 GMT 2020
argument_Check
開始:Sat Jun 13 18:38:01 GMT 2020
argument_Check
開始:Sat Jun 13 18:39:01 GMT 2020
argument_Check
開始:Sat Jun 13 18:40:01 GMT 2020
argument_Check
開始:Sat Jun 13 18:41:01 GMT 2020
argument_Check
開始:Sat Jun 13 18:42:01 GMT 2020
argument_Check
開始:Sat Jun 13 18:43:01 GMT 2020
argument_Check
開始:Sat Jun 13 18:44:01 GMT 2020
argument_Check
開始:Sat Jun 13 18:45:01 GMT 2020
argument_Check
開始:Sat Jun 13 18:46:02 GMT 2020
argument_Check
開始:Sat Jun 13 18:47:01 GMT 2020
argument_Check
開始:Sat Jun 13 18:48:01 GMT 2020
argument_Check
開始:Sat Jun 13 18:49:01 GMT 2020
argument_Check
開始:Sat Jun 13 18:50:01 GMT 2020
argument_Check
開始:Sat Jun 13 18:51:01 GMT 2020
argument_Check
開始:Sat Jun 13 18:52:01 GMT 2020
argument_Check
開始:Sat Jun 13 18:53:01 GMT 2020
argument_Check
開始:Sat Jun 13 18:54:02 GMT 2020
argument_Check
開始:Sat Jun 13 18:55:01 GMT 2020
argument_Check
開始:Sat Jun 13 18:56:01 GMT 2020
argument_Check
開始:Sat Jun 13 18:57:01 GMT 2020
argument_Check
開始:Sat Jun 13 18:58:01 GMT 2020
argument_Check
開始:Sat Jun 13 18:59:01 GMT 2020
argument_Check
開始:Sat Jun 13 20:00:01 GMT 2020
argument_Check
開始:Sat Jun 13 20:01:01 GMT 2020
argument_Check
開始:Sat Jun 13 20:02:01 GMT 2020
argument_Check
開始:Sat Jun 13 20:03:01 GMT 2020
argument_Check
開始:Sat Jun 13 20:04:01 GMT 2020
argument_Check
開始:Sat Jun 13 20:05:01 GMT 2020
argument_Check
開始:Sat Jun 13 20:06:01 GMT 2020
argument_Check
開始:Sat Jun 13 20:07:01 GMT 2020
argument_Check
開始:Sat Jun 13 20:08:02 GMT 2020
argument_Check
開始:Sat Jun 13 20:09:01 GMT 2020
argument_Check
開始:Sat Jun 13 20:10:01 GMT 2020
argument_Check
開始:Sat Jun 13 20:11:01 GMT 2020
argument_Check
開始:Sat Jun 13 20:12:01 GMT 2020
argument_Check
開始:Sat Jun 13 20:13:01 GMT 2020
argument_Check
開始:Sat Jun 13 20:14:01 GMT 2020
argument_Check
開始:Sat Jun 13 20:15:01 GMT 2020
argument_Check
開始:Sat Jun 13 20:16:01 GMT 2020
argument_Check
開始:Sat Jun 13 20:17:01 GMT 2020
argument_Check
開始:Sat Jun 13 20:18:02 GMT 2020
argument_Check
開始:Sat Jun 13 20:19:01 GMT 2020
argument_Check
開始:Sat Jun 13 20:20:01 GMT 2020
argument_Check
開始:Sat Jun 13 20:21:01 GMT 2020
argument_Check
開始:Sat Jun 13 20:22:01 GMT 2020
argument_Check
開始:Sat Jun 13 20:23:01 GMT 2020
argument_Check
開始:Sat Jun 13 20:24:01 GMT 2020
argument_Check
開始:Sat Jun 13 20:25:01 GMT 2020
argument_Check
開始:Sat Jun 13 20:26:02 GMT 2020
argument_Check
開始:Sat Jun 13 20:27:01 GMT 2020
argument_Check
開始:Sat Jun 13 20:28:01 GMT 2020
argument_Check
開始:Sat Jun 13 20:29:01 GMT 2020
argument_Check
開始:Sat Jun 13 20:30:01 GMT 2020
argument_Check
開始:Sat Jun 13 20:31:01 GMT 2020
argument_Check
開始:Sat Jun 13 20:32:01 GMT 2020
argument_Check
開始:Sat Jun 13 20:33:01 GMT 2020
argument_Check
開始:Sat Jun 13 20:34:01 GMT 2020
argument_Check
開始:Sat Jun 13 20:35:01 GMT 2020
argument_Check
開始:Sat Jun 13 20:36:01 GMT 2020
argument_Check
開始:Sat Jun 13 20:37:01 GMT 2020
argument_Check
開始:Sat Jun 13 20:38:01 GMT 2020
argument_Check
開始:Sat Jun 13 20:39:01 GMT 2020
argument_Check
開始:Sat Jun 13 20:40:01 GMT 2020
argument_Check
開始:Sat Jun 13 20:41:01 GMT 2020
argument_Check
開始:Sat Jun 13 20:42:01 GMT 2020
argument_Check
開始:Sat Jun 13 20:43:01 GMT 2020
argument_Check
開始:Sat Jun 13 20:44:01 GMT 2020
argument_Check
開始:Sat Jun 13 20:45:01 GMT 2020
argument_Check
開始:Sat Jun 13 20:46:01 GMT 2020
argument_Check
開始:Sat Jun 13 20:47:01 GMT 2020
argument_Check
開始:Sat Jun 13 20:48:01 GMT 2020
argument_Check
開始:Sat Jun 13 20:49:02 GMT 2020
argument_Check
開始:Sat Jun 13 20:50:01 GMT 2020
argument_Check
開始:Sat Jun 13 20:51:01 GMT 2020
argument_Check
開始:Sat Jun 13 20:52:01 GMT 2020
argument_Check
開始:Sat Jun 13 20:53:01 GMT 2020
argument_Check
開始:Sat Jun 13 20:54:01 GMT 2020
argument_Check
開始:Sat Jun 13 20:55:01 GMT 2020
argument_Check
開始:Sat Jun 13 20:56:01 GMT 2020
argument_Check
開始:Sat Jun 13 20:57:02 GMT 2020
argument_Check
開始:Sat Jun 13 20:58:01 GMT 2020
argument_Check
開始:Sat Jun 13 20:59:01 GMT 2020
argument_Check
開始:Sat Jun 13 22:00:01 GMT 2020
argument_Check
開始:Sat Jun 13 22:01:01 GMT 2020
argument_Check
開始:Sat Jun 13 22:02:01 GMT 2020
argument_Check
開始:Sat Jun 13 22:03:01 GMT 2020
argument_Check
開始:Sat Jun 13 22:04:01 GMT 2020
argument_Check
開始:Sat Jun 13 22:05:01 GMT 2020
argument_Check
開始:Sat Jun 13 22:06:01 GMT 2020
argument_Check
開始:Sat Jun 13 22:07:01 GMT 2020
argument_Check
開始:Sat Jun 13 22:08:01 GMT 2020
argument_Check
開始:Sat Jun 13 22:09:01 GMT 2020
argument_Check
開始:Sat Jun 13 22:10:02 GMT 2020
argument_Check
開始:Sat Jun 13 22:11:01 GMT 2020
argument_Check
開始:Sat Jun 13 22:12:01 GMT 2020
argument_Check
開始:Sat Jun 13 22:13:01 GMT 2020
argument_Check
開始:Sat Jun 13 22:14:01 GMT 2020
argument_Check
開始:Sat Jun 13 22:15:01 GMT 2020
argument_Check
開始:Sat Jun 13 22:16:01 GMT 2020
argument_Check
開始:Sat Jun 13 22:17:01 GMT 2020
argument_Check
開始:Sat Jun 13 22:18:01 GMT 2020
argument_Check
開始:Sat Jun 13 22:19:01 GMT 2020
argument_Check
開始:Sat Jun 13 22:20:01 GMT 2020
argument_Check
開始:Sat Jun 13 22:21:02 GMT 2020
argument_Check
開始:Sat Jun 13 22:22:01 GMT 2020
argument_Check
開始:Sat Jun 13 22:23:01 GMT 2020
argument_Check
開始:Sat Jun 13 22:24:01 GMT 2020
argument_Check
開始:Sat Jun 13 22:25:01 GMT 2020
argument_Check
開始:Sat Jun 13 22:26:01 GMT 2020
argument_Check
開始:Sat Jun 13 22:27:01 GMT 2020
argument_Check
開始:Sat Jun 13 22:28:01 GMT 2020
argument_Check
開始:Sat Jun 13 22:29:01 GMT 2020
argument_Check
開始:Sat Jun 13 22:30:02 GMT 2020
argument_Check
開始:Sat Jun 13 22:31:01 GMT 2020
argument_Check
開始:Sat Jun 13 22:32:01 GMT 2020
argument_Check
開始:Sat Jun 13 22:33:02 GMT 2020
argument_Check
開始:Sat Jun 13 22:34:01 GMT 2020
argument_Check
開始:Sat Jun 13 22:35:01 GMT 2020
argument_Check
開始:Sat Jun 13 22:36:01 GMT 2020
argument_Check
開始:Sat Jun 13 22:37:01 GMT 2020
argument_Check
開始:Sat Jun 13 22:38:01 GMT 2020
argument_Check
開始:Sat Jun 13 22:39:01 GMT 2020
argument_Check
開始:Sat Jun 13 22:40:01 GMT 2020
argument_Check
開始:Sat Jun 13 22:41:01 GMT 2020
argument_Check
開始:Sat Jun 13 22:42:01 GMT 2020
argument_Check
開始:Sat Jun 13 22:43:01 GMT 2020
argument_Check
開始:Sat Jun 13 22:44:02 GMT 2020
argument_Check
開始:Sat Jun 13 22:45:01 GMT 2020
argument_Check
開始:Sat Jun 13 22:46:01 GMT 2020
argument_Check
開始:Sat Jun 13 22:47:01 GMT 2020
argument_Check
開始:Sat Jun 13 22:48:01 GMT 2020
argument_Check
開始:Sat Jun 13 22:49:01 GMT 2020
argument_Check
開始:Sat Jun 13 22:50:01 GMT 2020
argument_Check
開始:Sat Jun 13 22:51:01 GMT 2020
argument_Check
開始:Sat Jun 13 22:52:01 GMT 2020
argument_Check
開始:Sat Jun 13 22:53:01 GMT 2020
argument_Check
開始:Sat Jun 13 22:54:01 GMT 2020
argument_Check
開始:Sat Jun 13 22:55:02 GMT 2020
argument_Check
開始:Sat Jun 13 22:56:01 GMT 2020
argument_Check
開始:Sat Jun 13 22:57:01 GMT 2020
argument_Check
開始:Sat Jun 13 22:58:01 GMT 2020
argument_Check
開始:Sat Jun 13 22:59:01 GMT 2020
argument_Check
